info it worked if it ends with ok
verbose cli [ 'c:\\Program Files (x86)\\nodejs\\node.exe',
verbose cli   'c:\\Program Files (x86)\\nodejs\\node_modules\\npm\\bin\\npm-cli.js',
verbose cli   'start' ]
info using npm@1.1.24
info using node@v0.6.19
verbose config file C:\Users\kroot.CORP\.npmrc
verbose config file c:\Program Files (x86)\nodejs\etc\npmrc
verbose config file c:\Program Files (x86)\nodejs\node_modules\npm\npmrc
ERR! Failed to parse json
ERR! Unexpected string
ERR! File: d:\sources\ClassDiver\ClassDiver\tools\dynamo2json\package.json
ERR! JSON.parse Failed to parse package.json data.
ERR! JSON.parse package.json must be actual JSON, not just JavaScript.
ERR! JSON.parse This is not a bug in npm.
ERR! JSON.parse Tell the package author to fix their package.json file.
ERR! 
ERR! System Windows_NT 6.1.7601
ERR! command "c:\\Program Files (x86)\\nodejs\\node.exe" "c:\\Program Files (x86)\\nodejs\\node_modules\\npm\\bin\\npm-cli.js" "start"
ERR! cwd d:\sources\ClassDiver\ClassDiver\tools\dynamo2json
ERR! node -v v0.6.19
ERR! npm -v 1.1.24
ERR! file d:\sources\ClassDiver\ClassDiver\tools\dynamo2json\package.json
ERR! code EJSONPARSE
ERR! message Failed to parse json
ERR! message Unexpected string
ERR! errno {}
verbose exit [ 1, true ]
